==6583== Memcheck, a memory error detector
==6583== Copyright (C) 2002-2013, and GNU GPL'd, by Julian Seward et al.
==6583== Using Valgrind-3.10.1 and LibVEX; rerun with -h for copyright info
==6583== Command: ./juego_de_la_vida -w 40 -h 30
==6583== Parent PID: 2394
==6583== 
--6583-- 
--6583-- Valgrind options:
--6583--    -v
--6583--    --tool=memcheck
--6583--    --leak-check=full
--6583--    --num-callers=40
--6583--    --log-file=valgrind.log
--6583-- Contents of /proc/version:
--6583--   Linux version 3.11.0-14-generic (buildd@allspice) (gcc version 4.8.1 (Ubuntu/Linaro 4.8.1-10ubuntu8) ) #21-Ubuntu SMP Tue Nov 12 17:04:55 UTC 2013
--6583-- Arch and hwcaps: AMD64, LittleEndian, amd64-cx16-rdtscp-sse3-avx
--6583-- Page sizes: currently 4096, max supported 4096
--6583-- Valgrind library directory: /usr/lib/valgrind
--6583-- Reading syms from /home/docencia/listasEncadenadas/juego_de_la_vida
--6583-- Reading syms from /lib/x86_64-linux-gnu/ld-2.19.so
--6583--   Considering /lib/x86_64-linux-gnu/ld-2.19.so ..
--6583--   .. CRC mismatch (computed ef2bc4a1 wanted 12987a55)
--6583--   Considering /usr/lib/debug/lib/x86_64-linux-gnu/ld-2.19.so ..
--6583--   .. CRC is valid
--6583-- Reading syms from /usr/lib/valgrind/memcheck-amd64-linux
--6583--   Considering /usr/lib/valgrind/memcheck-amd64-linux ..
--6583--   .. CRC mismatch (computed 4f1eed43 wanted a323a3ab)
--6583--    object doesn't have a symbol table
--6583--    object doesn't have a dynamic symbol table
--6583-- Scheduler: using generic scheduler lock implementation.
--6583-- Reading suppressions file: /usr/lib/valgrind/default.supp
==6583== embedded gdbserver: reading from /tmp/vgdb-pipe-from-vgdb-to-6583-by-docencia-on-???
==6583== embedded gdbserver: writing to   /tmp/vgdb-pipe-to-vgdb-from-6583-by-docencia-on-???
==6583== embedded gdbserver: shared mem   /tmp/vgdb-pipe-shared-mem-vgdb-6583-by-docencia-on-???
==6583== 
==6583== TO CONTROL THIS PROCESS USING vgdb (which you probably
==6583== don't want to do, unless you know exactly what you're doing,
==6583== or are doing some strange experiment):
==6583==   /usr/lib/valgrind/../../bin/vgdb --pid=6583 ...command...
==6583== 
==6583== TO DEBUG THIS PROCESS USING GDB: start GDB like this
==6583==   /path/to/gdb ./juego_de_la_vida
==6583== and then give GDB the following command
==6583==   target remote | /usr/lib/valgrind/../../bin/vgdb --pid=6583
==6583== --pid is optional if only one valgrind process is running
==6583== 
--6583-- REDIR: 0x4019ca0 (ld-linux-x86-64.so.2:strlen) redirected to 0x380764b1 (???)
--6583-- Reading syms from /usr/lib/valgrind/vgpreload_core-amd64-linux.so
--6583--   Considering /usr/lib/valgrind/vgpreload_core-amd64-linux.so ..
--6583--   .. CRC mismatch (computed fc68135e wanted 45f5e986)
--6583--    object doesn't have a symbol table
--6583-- Reading syms from /usr/lib/valgrind/vgpreload_memcheck-amd64-linux.so
--6583--   Considering /usr/lib/valgrind/vgpreload_memcheck-amd64-linux.so ..
--6583--   .. CRC mismatch (computed ae683f7e wanted 08c06df2)
--6583--    object doesn't have a symbol table
==6583== WARNING: new redirection conflicts with existing -- ignoring it
--6583--     old: 0x04019ca0 (strlen              ) R-> (0000.0) 0x380764b1 ???
--6583--     new: 0x04019ca0 (strlen              ) R-> (2007.0) 0x04c2e1a0 strlen
--6583-- REDIR: 0x4019a50 (ld-linux-x86-64.so.2:index) redirected to 0x4c2dd50 (index)
--6583-- REDIR: 0x4019c70 (ld-linux-x86-64.so.2:strcmp) redirected to 0x4c2f2f0 (strcmp)
--6583-- REDIR: 0x401a9c0 (ld-linux-x86-64.so.2:mempcpy) redirected to 0x4c31da0 (mempcpy)
--6583-- Reading syms from /lib/x86_64-linux-gnu/libc-2.19.so
--6583--   Considering /lib/x86_64-linux-gnu/libc-2.19.so ..
--6583--   .. CRC mismatch (computed 600bae51 wanted b4d0580d)
--6583--   Considering /usr/lib/debug/lib/x86_64-linux-gnu/libc-2.19.so ..
--6583--   .. CRC is valid
--6583-- REDIR: 0x4ec3d60 (libc.so.6:strcasecmp) redirected to 0x4a25720 (_vgnU_ifunc_wrapper)
--6583-- REDIR: 0x4ec6050 (libc.so.6:strncasecmp) redirected to 0x4a25720 (_vgnU_ifunc_wrapper)
--6583-- REDIR: 0x4ec3530 (libc.so.6:memcpy@GLIBC_2.2.5) redirected to 0x4a25720 (_vgnU_ifunc_wrapper)
--6583-- REDIR: 0x4ec17c0 (libc.so.6:rindex) redirected to 0x4c2da30 (rindex)
--6583-- REDIR: 0x4eb9750 (libc.so.6:malloc) redirected to 0x4c2ab10 (malloc)
--6583-- REDIR: 0x4ebfac0 (libc.so.6:strlen) redirected to 0x4c2e0e0 (strlen)
--6583-- REDIR: 0x4ebde50 (libc.so.6:__GI_strchr) redirected to 0x4c2db90 (__GI_strchr)
--6583-- REDIR: 0x4ecaac0 (libc.so.6:strchrnul) redirected to 0x4c319b0 (strchrnul)
--6583-- REDIR: 0xffffffffff600400 (???:???) redirected to 0x3807649d (???)
--6583-- REDIR: 0x4eb9df0 (libc.so.6:free) redirected to 0x4c2bd80 (free)
==6583== 
==6583== HEAP SUMMARY:
==6583==     in use at exit: 0 bytes in 0 blocks
==6583==   total heap usage: 7 allocs, 7 frees, 152 bytes allocated
==6583== 
==6583== All heap blocks were freed -- no leaks are possible
==6583== 
==6583== ERROR SUMMARY: 0 errors from 0 contexts (suppressed: 0 from 0)
==6583== ERROR SUMMARY: 0 errors from 0 contexts (suppressed: 0 from 0)
